<?xml version="1.0" encoding="UTF-8"?>
<testng-results ignored="0" total="1" passed="1" failed="0" skipped="0">
  <reporter-output>
    <line>
      <![CDATA[Database Connected]]>
    </line>
    <line>
      <![CDATA[Browser Launched]]>
    </line>
    <line>
      <![CDATA[Logged in Successfully]]>
    </line>
    <line>
      <![CDATA[Logout successfully]]>
    </line>
    <line>
      <![CDATA[Browser Closed]]>
    </line>
    <line>
      <![CDATA[Database Disconnected]]>
    </line>
  </reporter-output>
  <suite started-at="2023-10-07T16:17:15 IST" name="Default suite" finished-at="2023-10-07T16:17:45 IST" duration-ms="30684">
    <groups>
    </groups>
    <test started-at="2023-10-07T16:17:15 IST" name="Default test" finished-at="2023-10-07T16:17:45 IST" duration-ms="30684">
      <class name="com.Actitime.Testscripts.CreateCustomer">
        <test-method is-config="true" signature="DatabaseConnection()[pri:0, instance:com.Actitime.Testscripts.CreateCustomer@97e93f1]" started-at="2023-10-07T16:17:15 IST" name="DatabaseConnection" finished-at="2023-10-07T16:17:15 IST" duration-ms="46" status="PASS">
          <reporter-output>
            <line>
              <![CDATA[Database Connected]]>
            </line>
          </reporter-output>
        </test-method> <!-- DatabaseConnection -->
        <test-method is-config="true" signature="launchBrowser()[pri:0, instance:com.Actitime.Testscripts.CreateCustomer@97e93f1]" started-at="2023-10-07T16:17:15 IST" name="launchBrowser" finished-at="2023-10-07T16:17:29 IST" duration-ms="14643" status="PASS">
          <reporter-output>
            <line>
              <![CDATA[Browser Launched]]>
            </line>
          </reporter-output>
        </test-method> <!-- launchBrowser -->
        <test-method is-config="true" signature="Login()[pri:0, instance:com.Actitime.Testscripts.CreateCustomer@97e93f1]" started-at="2023-10-07T16:17:29 IST" name="Login" finished-at="2023-10-07T16:17:30 IST" duration-ms="676" status="PASS">
          <reporter-output>
            <line>
              <![CDATA[Logged in Successfully]]>
            </line>
          </reporter-output>
        </test-method> <!-- Login -->
        <test-method signature="create()[pri:0, instance:com.Actitime.Testscripts.CreateCustomer@97e93f1]" started-at="2023-10-07T16:17:30 IST" name="create" finished-at="2023-10-07T16:17:43 IST" duration-ms="12760" status="PASS">
          <reporter-output>
          </reporter-output>
        </test-method> <!-- create -->
        <test-method is-config="true" signature="Logout()[pri:0, instance:com.Actitime.Testscripts.CreateCustomer@97e93f1]" started-at="2023-10-07T16:17:43 IST" name="Logout" finished-at="2023-10-07T16:17:45 IST" duration-ms="2279" status="PASS">
          <reporter-output>
            <line>
              <![CDATA[Logout successfully]]>
            </line>
          </reporter-output>
        </test-method> <!-- Logout -->
        <test-method is-config="true" signature="closeBrowser()[pri:0, instance:com.Actitime.Testscripts.CreateCustomer@97e93f1]" started-at="2023-10-07T16:17:45 IST" name="closeBrowser" finished-at="2023-10-07T16:17:45 IST" duration-ms="227" status="PASS">
          <reporter-output>
            <line>
              <![CDATA[Browser Closed]]>
            </line>
          </reporter-output>
        </test-method> <!-- closeBrowser -->
        <test-method is-config="true" signature="Databasedisconnection()[pri:0, instance:com.Actitime.Testscripts.CreateCustomer@97e93f1]" started-at="2023-10-07T16:17:45 IST" name="Databasedisconnection" finished-at="2023-10-07T16:17:45 IST" duration-ms="1" status="PASS">
          <reporter-output>
            <line>
              <![CDATA[Database Disconnected]]>
            </line>
          </reporter-output>
        </test-method> <!-- Databasedisconnection -->
      </class> <!-- com.Actitime.Testscripts.CreateCustomer -->
    </test> <!-- Default test -->
  </suite> <!-- Default suite -->
</testng-results>
